  Actor.cpp
  Actor3D.cpp
  ActorCollision3D.cpp
  BgmPlayer.cpp
  Button.cpp
  Camera.cpp
  Collision3D.cpp
  EnemySpawner.cpp
  Fade.cpp
  FieldObjectGenerator.cpp
  FontLoader.cpp
  GameMain.cpp
  Input.cpp
  InteractiveObjectBase.cpp
  LoadingScreen.cpp
  NoActionTrader.cpp
  PlayerScoopAttack.cpp
  SunLight.cpp
  UiHealth.cpp
  UiInteractable.cpp
  コンパイル中...
  UiInteractItemGage.cpp
  UiSatietyLevel.cpp
  UiTextMessage.cpp
  UiSwitchObject.cpp
  NoActionObject.cpp
  SceneResult.cpp
  SleepBed.cpp
  UiElapsedDayTime.cpp
  UiInventory.cpp
  ItemField.cpp
  ItemObject.cpp
  LoaderBase.cpp
  Main.cpp
  Model.cpp
  ModelLoader.cpp
  Node.cpp
  PlayerController.cpp
  Quad3D.cpp
  Quaternion.cpp
  SceneCamp.cpp
  コンパイル中...
  SceneField.cpp
  SceneManager.cpp
  SceneTitle.cpp
  SceneTransitionQuad.cpp
  PlayerInteractLandmark.cpp
  SoundEffect.cpp
  SoundLoader.cpp
  Sprite.cpp
  SpriteLoader.cpp
  Time.cpp
  UiItembox.cpp
  UiItemFieldBase.cpp
  UiKitchen.cpp
  UiTrader.cpp
  Vector2.cpp
  Vector3.cpp
  Zombie.cpp
  コード生成しています。
  2272 of 2297 functions (98.9%) were compiled, the rest were copied from previous compilation.
    165 functions were new in current compilation
    2 functions had inline decision re-evaluated but remain unchanged
  コード生成が終了しました。
  ZomBurger.vcxproj -> C:\Users\student\Desktop\共通-必要書類\【プログラム作品】 森口誠也\【Zomburger】 C++\プロジェクト\x64\Release\ZomBurger.exe
