d:\2023\bitbucket\dxlib\zomburger\zomburger\x64\debug\vc143.pdb
d:\2023\bitbucket\dxlib\zomburger\zomburger\x64\debug\vc143.idb
d:\2023\bitbucket\dxlib\zomburger\zomburger\x64\debug\uiinventory.obj
d:\2023\bitbucket\dxlib\zomburger\zomburger\x64\debug\uielapseddaytime.obj
d:\2023\bitbucket\dxlib\zomburger\zomburger\x64\debug\sleepbed.obj
d:\2023\bitbucket\dxlib\zomburger\zomburger\x64\debug\sceneresult.obj
d:\2023\bitbucket\dxlib\zomburger\zomburger\x64\debug\noactionobject.obj
d:\2023\bitbucket\dxlib\zomburger\zomburger\x64\debug\uiswitchobject.obj
d:\2023\bitbucket\dxlib\zomburger\zomburger\x64\debug\playerscoopattack.obj
d:\2023\bitbucket\dxlib\zomburger\zomburger\x64\debug\interactiveobjectbase.obj
d:\2023\bitbucket\dxlib\zomburger\zomburger\x64\debug\input.obj
d:\2023\bitbucket\dxlib\zomburger\zomburger\x64\debug\gamemain.obj
d:\2023\bitbucket\dxlib\zomburger\zomburger\x64\debug\fontloader.obj
d:\2023\bitbucket\dxlib\zomburger\zomburger\x64\debug\fieldobjectgenerator.obj
d:\2023\bitbucket\dxlib\zomburger\zomburger\x64\debug\fade.obj
d:\2023\bitbucket\dxlib\zomburger\zomburger\x64\debug\enemyspawner.obj
d:\2023\bitbucket\dxlib\zomburger\zomburger\x64\debug\collision3d.obj
d:\2023\bitbucket\dxlib\zomburger\zomburger\x64\debug\camera.obj
d:\2023\bitbucket\dxlib\zomburger\zomburger\x64\debug\button.obj
d:\2023\bitbucket\dxlib\zomburger\zomburger\x64\debug\actorcollision3d.obj
d:\2023\bitbucket\dxlib\zomburger\zomburger\x64\debug\actor3d.obj
d:\2023\bitbucket\dxlib\zomburger\zomburger\x64\debug\actor.obj
d:\2023\bitbucket\dxlib\zomburger\zomburger\x64\debug\soundloader.obj
d:\2023\bitbucket\dxlib\zomburger\zomburger\x64\debug\soundeffect.obj
d:\2023\bitbucket\dxlib\zomburger\zomburger\x64\debug\skybox.obj
d:\2023\bitbucket\dxlib\zomburger\zomburger\x64\debug\playerinteractlandmark.obj
d:\2023\bitbucket\dxlib\zomburger\zomburger\x64\debug\scenetransitionquad.obj
d:\2023\bitbucket\dxlib\zomburger\zomburger\x64\debug\scenetitle.obj
d:\2023\bitbucket\dxlib\zomburger\zomburger\x64\debug\scenemanager.obj
d:\2023\bitbucket\dxlib\zomburger\zomburger\x64\debug\scenefield.obj
d:\2023\bitbucket\dxlib\zomburger\zomburger\x64\debug\scenecamp.obj
d:\2023\bitbucket\dxlib\zomburger\zomburger\x64\debug\quaternion.obj
d:\2023\bitbucket\dxlib\zomburger\zomburger\x64\debug\quad3d.obj
d:\2023\bitbucket\dxlib\zomburger\zomburger\x64\debug\pointlight.obj
d:\2023\bitbucket\dxlib\zomburger\zomburger\x64\debug\playercontroller.obj
d:\2023\bitbucket\dxlib\zomburger\zomburger\x64\debug\node.obj
d:\2023\bitbucket\dxlib\zomburger\zomburger\x64\debug\modelloader.obj
d:\2023\bitbucket\dxlib\zomburger\zomburger\x64\debug\model.obj
d:\2023\bitbucket\dxlib\zomburger\zomburger\x64\debug\main.obj
d:\2023\bitbucket\dxlib\zomburger\zomburger\x64\debug\loaderbase.obj
d:\2023\bitbucket\dxlib\zomburger\zomburger\x64\debug\itemobject.obj
d:\2023\bitbucket\dxlib\zomburger\zomburger\x64\debug\itemfield.obj
d:\2023\bitbucket\dxlib\zomburger\zomburger\x64\debug\zombie.obj
d:\2023\bitbucket\dxlib\zomburger\zomburger\x64\debug\vector3.obj
d:\2023\bitbucket\dxlib\zomburger\zomburger\x64\debug\vector2.obj
d:\2023\bitbucket\dxlib\zomburger\zomburger\x64\debug\uitrader.obj
d:\2023\bitbucket\dxlib\zomburger\zomburger\x64\debug\uikitchen.obj
d:\2023\bitbucket\dxlib\zomburger\zomburger\x64\debug\uiitemfieldbase.obj
d:\2023\bitbucket\dxlib\zomburger\zomburger\x64\debug\uiitembox.obj
d:\2023\bitbucket\dxlib\zomburger\zomburger\x64\debug\time.obj
d:\2023\bitbucket\dxlib\zomburger\zomburger\x64\debug\spriteloader.obj
d:\2023\bitbucket\dxlib\zomburger\zomburger\x64\debug\sprite.obj
d:\2023\bitbucket\dxlib\zomburger\zomburger\x64\debug\sunlight.obj
d:\2023\bitbucket\dxlib\zomburger\zomburger\x64\debug\uiinteractitemgage.obj
d:\2023\bitbucket\dxlib\zomburger\zomburger\x64\debug\uisatietylevel.obj
d:\2023\bitbucket\dxlib\zomburger\zomburger\x64\debug\uihealth.obj
d:\2023\bitbucket\dxlib\zomburger\zomburger\x64\debug\uiinteractable.obj
d:\2023\bitbucket\dxlib\zomburger\x64\debug\zomburger.exe
d:\2023\bitbucket\dxlib\zomburger\x64\debug\zomburger.pdb
d:\2023\bitbucket\dxlib\zomburger\zomburger\x64\debug\zomburger.ilk
d:\2023\bitbucket\dxlib\zomburger\zomburger\x64\debug\scenecamp.obj.enc
d:\2023\bitbucket\dxlib\zomburger\zomburger\x64\debug\zomburger.tlog\cl.command.1.tlog
d:\2023\bitbucket\dxlib\zomburger\zomburger\x64\debug\zomburger.tlog\cl.items.tlog
d:\2023\bitbucket\dxlib\zomburger\zomburger\x64\debug\zomburger.tlog\cl.read.1.tlog
d:\2023\bitbucket\dxlib\zomburger\zomburger\x64\debug\zomburger.tlog\cl.write.1.tlog
d:\2023\bitbucket\dxlib\zomburger\zomburger\x64\debug\zomburger.tlog\link.command.1.tlog
d:\2023\bitbucket\dxlib\zomburger\zomburger\x64\debug\zomburger.tlog\link.read.1.tlog
d:\2023\bitbucket\dxlib\zomburger\zomburger\x64\debug\zomburger.tlog\link.secondary.1.tlog
d:\2023\bitbucket\dxlib\zomburger\zomburger\x64\debug\zomburger.tlog\link.write.1.tlog
